[2026-04-10 14:07:01] [INFO    ] discord.client: logging in using static token
[2026-04-10 14:07:01] [DEBUG   ] discord.http: GET https://discord.com/api/v10/users/@me with None has returned 200
[2026-04-10 14:07:01] [DEBUG   ] discord.http: GET /users/@me has found its initial rate limit bucket hash (78bb8553d9352a5a2f89f9def401287a).
[2026-04-10 14:07:01] [DEBUG   ] discord.http: GET https://discord.com/api/v10/users/@me has received {'id': '1488605709032493137', 'username': 'pokemon-trivia-bot', 'avatar': '3da7b2cc3b692b5ac9cae611d4b2a86b', 'discriminator': '1787', 'public_flags': 0, 'flags': 0, 'bot': True, 'banner': None, 'accent_color': None, 'global_name': None, 'avatar_decoration_data': None, 'collectibles': None, 'display_name_styles': None, 'banner_color': None, 'clan': None, 'primary_guild': None, 'mfa_enabled': True, 'locale': 'en-US', 'premium_type': 0, 'email': None, 'verified': True, 'bio': ''}
[2026-04-10 14:07:02] [DEBUG   ] discord.http: GET https://discord.com/api/v10/oauth2/applications/@me with None has returned 200
[2026-04-10 14:07:02] [DEBUG   ] discord.http: GET /oauth2/applications/@me has found its initial rate limit bucket hash (d28a133af187e91d71d96a223467ce49).
[2026-04-10 14:07:02] [DEBUG   ] discord.http: GET https://discord.com/api/v10/oauth2/applications/@me has received {'id': '1488605709032493137', 'name': 'pokemon-trivia-bot', 'icon': None, 'description': '', 'type': None, 'bot': {'id': '1488605709032493137', 'username': 'pokemon-trivia-bot', 'avatar': '3da7b2cc3b692b5ac9cae611d4b2a86b', 'discriminator': '1787', 'public_flags': 0, 'flags': 0, 'bot': True, 'banner': None, 'accent_color': None, 'global_name': None, 'avatar_decoration_data': None, 'collectibles': None, 'display_name_styles': None, 'banner_color': None, 'clan': None, 'primary_guild': None}, 'summary': '', 'is_monetized': False, 'is_verified': False, 'is_discoverable': False, 'bot_public': True, 'bot_require_code_grant': False, 'install_params': {'scopes': ['applications.commands'], 'permissions': '0'}, 'integration_types_config': {'0': {'oauth2_install_params': {'scopes': ['applications.commands'], 'permissions': '0'}}, '1': {'oauth2_install_params': {'scopes': ['applications.commands'], 'permissions': '0'}}}, 'verify_key': 'bcc44c616119e06bf728290c17a0448be05a18f73dd4554ab311cac6e99c06c1', 'flags': 524288, 'hook': True, 'storefront_available': False, 'redirect_uris': [], 'interactions_endpoint_url': None, 'role_connections_verification_url': None, 'owner': {'id': '267385418134061067', 'username': 'sloth9279', 'avatar': '29f3c3758b9b30e2507929792c77d964', 'discriminator': '0', 'public_flags': 0, 'flags': 0, 'banner': None, 'accent_color': 0, 'global_name': 'sloth', 'avatar_decoration_data': None, 'collectibles': None, 'display_name_styles': None, 'banner_color': '#000000', 'clan': None, 'primary_guild': None}, 'approximate_guild_count': 1, 'approximate_user_install_count': 0, 'approximate_user_authorization_count': 0, 'interactions_event_types': [], 'interactions_version': 1, 'explicit_content_filter': 0, 'rpc_application_state': 0, 'store_application_state': 1, 'verification_state': 1, 'integration_public': True, 'integration_require_code_grant': False, 'discoverability_state': 1, 'discovery_eligibility_flags': 2272, 'monetization_state': 1, 'verification_eligibility_flags': 123804, 'monetization_eligibility_flags': 247524, 'bot_approximate_guild_count': 1, 'team': None, 'internal_guild_restriction': 2, 'approved_consoles': [], 'pricing_localization_strategy': 'localized_price_sets'}
[2026-04-10 14:07:02] [DEBUG   ] discord.gateway: Created websocket connected to wss://gateway.discord.gg/
[2026-04-10 14:07:02] [DEBUG   ] discord.gateway: For Shard ID None: WebSocket Event: {'t': None, 's': None, 'op': 10, 'd': {'heartbeat_interval': 41250, '_trace': ['["gateway-prd-arm-us-east1-d-ctr1",{"micros":0.0}]']}}
[2026-04-10 14:07:02] [DEBUG   ] discord.gateway: Shard ID None has sent the IDENTIFY payload.
[2026-04-10 14:07:02] [DEBUG   ] discord.gateway: For Shard ID None: WebSocket Event: {'t': None, 's': None, 'op': 11, 'd': None}
[2026-04-10 14:07:03] [DEBUG   ] discord.gateway: For Shard ID None: WebSocket Event: {'t': 'READY', 's': 1, 'op': 0, 'd': {'v': 10, 'user_settings': {}, 'user': {'verified': True, 'username': 'pokemon-trivia-bot', 'primary_guild': None, 'mfa_enabled': True, 'id': '1488605709032493137', 'global_name': None, 'flags': 0, 'email': None, 'discriminator': '1787', 'clan': None, 'bot': True, 'avatar': '3da7b2cc3b692b5ac9cae611d4b2a86b'}, 'session_type': 'normal', 'session_id': 'd304530663e3ba924414533f0d4844e4', 'resume_gateway_url': 'wss://gateway-us-east1-d.discord.gg', 'relationships': [], 'private_channels': [], 'presences': [], 'guilds': [{'unavailable': True, 'id': '1469043411280728187'}], 'guild_join_requests': [], 'geo_ordered_rtc_regions': ['newark', 'us-east', 'us-central', 'atlanta', 'us-south'], 'game_relationships': [], 'auth': {}, 'application': {'id': '1488605709032493137', 'flags_new': '524288', 'flags': 524288}, '_trace': ['["gateway-prd-arm-us-east1-d-ctr1",{"micros":1102380,"calls":["id_created",{"micros":2021,"calls":[]},"session_lookup_time",{"micros":537,"calls":[]},"session_lookup_finished",{"micros":15,"calls":[]},"sessions-prd-gcp-us-east1-d-171",{"micros":1099334,"calls":["start_session",{"micros":1091443,"calls":["prd-rpc-796b9bd4df-j6tjk",{"micros":178368,"calls":["get_user",{"micros":13057},"get_guilds",{"micros":4602},"send_scheduled_deletion_message",{"micros":15},"guild_join_requests",{"micros":14330},"authorized_ip_coro",{"micros":22},"pending_payments",{"micros":5953},"apex_experiments",{"micros":874370},"sessions_experiments",{"micros":6},"played_application_ids",{"micros":5},"linked_users",{"micros":4},"ad_personalization_toggles_disabled",{"micros":4},"regional_feature_config",{"micros":4}]}]},"starting_guild_connect",{"micros":38,"calls":[]},"presence_started",{"micros":545,"calls":[]},"guilds_started",{"micros":100,"calls":[]},"lobbies_started",{"micros":0,"calls":[]},"guilds_connect",{"micros":1,"calls":[]},"presence_connect",{"micros":7175,"calls":[]},"connect_finished",{"micros":7189,"calls":[]},"build_ready",{"micros":15,"calls":[]},"clean_ready",{"micros":2,"calls":[]},"optimize_ready",{"micros":1,"calls":[]},"split_ready",{"micros":0,"calls":[]}]}]}]']}}
[2026-04-10 14:07:03] [DEBUG   ] discord.client: Dispatching event socket_event_type
[2026-04-10 14:07:03] [INFO    ] discord.gateway: Shard ID None has connected to Gateway (Session ID: d304530663e3ba924414533f0d4844e4).
[2026-04-10 14:07:03] [DEBUG   ] discord.client: Dispatching event connect
[2026-04-10 14:07:03] [DEBUG   ] discord.gateway: For Shard ID None: WebSocket Event: {'t': 'GUILD_CREATE', 's': 2, 'op': 0, 'd': {'member_count': 6, 'presences': [], 'safety_alerts_channel_id': None, 'nsfw_level': 0, 'system_channel_flags': 0, 'experiments': {'evaluation_id': None, 'assignments': []}, 'profile': None, 'explicit_content_filter': 0, 'region': 'deprecated', 'activity_instances': [], 'system_channel_id': '1469043412136362047', 'application_command_counts': {}, 'id': '1469043411280728187', 'splash': None, 'features': [], 'name': 'CS321 Group', 'embedded_activities': [], 'owner_configured_content_level': 0, 'nsfw': False, 'vanity_url_code': None, 'threads': [], 'emojis': [], 'latest_onboarding_question_id': None, 'mfa_level': 0, 'description': None, 'guild_scheduled_events': [], 'afk_timeout': 300, 'hub_type': None, 'large': False, 'members': [{'user': {'username': 'pokemon-trivia-bot', 'public_flags': 0, 'primary_guild': None, 'id': '1488605709032493137', 'global_name': None, 'display_name_styles': None, 'display_name': None, 'discriminator': '1787', 'collectibles': None, 'bot': True, 'avatar_decoration_data': None, 'avatar': '3da7b2cc3b692b5ac9cae611d4b2a86b'}, 'roles': ['1488608729153933383'], 'premium_since': None, 'pending': False, 'nick': None, 'mute': False, 'joined_at': '2026-03-31T18:39:38.168000+00:00', 'flags': 0, 'deaf': False, 'communication_disabled_until': None, 'banner': None, 'avatar': None}], 'premium_progress_bar_enabled': False, 'joined_at': '2026-03-31T18:39:38.168000+00:00', 'max_stage_video_channel_users': 50, 'afk_channel_id': None, 'discovery_splash': None, 'soundboard_sounds': [], 'application_id': None, 'verification_level': 0, 'inventory_settings': None, 'icon': None, 'default_message_notifications': 0, 'max_members': 25000000, 'preferred_locale': 'en-US', 'owner_id': '267385418134061067', 'rules_channel_id': None, 'lazy': True, 'home_header': None, 'premium_tier': 0, 'public_updates_channel_id': None, 'incidents_data': None, 'channels': [{'version': 1770317642966, 'type': 4, 'position': 0, 'permission_overwrites': [], 'name': 'Text Channels', 'id': '1469043412136362045', 'flags': 0}, {'version': 1770317642975, 'type': 4, 'position': 0, 'permission_overwrites': [], 'name': 'Voice Channels', 'id': '1469043412136362046', 'flags': 0}, {'version': 1770317642989, 'type': 0, 'topic': None, 'rate_limit_per_user': 0, 'position': 0, 'permission_overwrites': [], 'parent_id': '1469043412136362045', 'name': 'general', 'last_message_id': '1492217161480143088', 'id': '1469043412136362047', 'icon_emoji': {'name': '👋', 'id': None}, 'flags': 0}, {'version': 1770317642999, 'user_limit': 0, 'type': 2, 'rtc_region': None, 'rate_limit_per_user': 0, 'position': 0, 'permission_overwrites': [], 'parent_id': '1469043412136362046', 'name': 'General', 'last_message_id': None, 'id': '1469043412136362048', 'icon_emoji': {'name': '🎙', 'id': None}, 'flags': 0, 'bitrate': 64000}, {'version': 1774982418267, 'type': 0, 'topic': None, 'rate_limit_per_user': 0, 'position': 1, 'permission_overwrites': [], 'parent_id': '1469043412136362045', 'name': 'pokemon-trivia', 'last_message_id': '1488625483867492383', 'id': '1488608897856966797', 'flags': 0}], 'version': 1774982407097, 'banner': None, 'voice_states': [], 'max_video_channel_users': 25, 'stickers': [], 'moderator_reporting': None, 'roles': [{'version': 1770317642955, 'unicode_emoji': None, 'tags': {}, 'position': 0, 'permissions': '2248473465835073', 'name': '@everyone', 'mentionable': False, 'managed': False, 'id': '1469043411280728187', 'icon': None, 'hoist': False, 'flags': 0, 'colors': {'tertiary_color': None, 'secondary_color': None, 'primary_color': 0}, 'color': 0}, {'version': 1774982378098, 'unicode_emoji': None, 'tags': {'bot_id': '1488605709032493137'}, 'position': 1, 'permissions': '292058163264', 'name': 'pokemon-trivia-bot', 'mentionable': False, 'managed': True, 'id': '1488608729153933383', 'icon': None, 'hoist': False, 'flags': 0, 'colors': {'tertiary_color': None, 'secondary_color': None, 'primary_color': 0}, 'color': 0}], 'premium_subscription_count': 0, 'premium_progress_bar_enabled_user_updated_at': None, 'unavailable': False, 'stage_instances': [], 'game_application_ids': None, 'premium_features': None}}
[2026-04-10 14:07:03] [DEBUG   ] discord.client: Dispatching event socket_event_type
[2026-04-10 14:07:03] [DEBUG   ] discord.client: Dispatching event guild_available
[2026-04-10 14:07:05] [DEBUG   ] discord.client: Dispatching event ready
[2026-04-10 14:07:24] [DEBUG   ] discord.gateway: For Shard ID None: WebSocket Event: {'t': 'MESSAGE_CREATE', 's': 3, 'op': 0, 'd': {'type': 0, 'tts': False, 'timestamp': '2026-04-10T18:07:24.696000+00:00', 'pinned': False, 'nonce': '1492224498290655232', 'mentions': [], 'mention_roles': [], 'mention_everyone': False, 'member': {'roles': [], 'premium_since': None, 'pending': False, 'nick': 'Ethan', 'mute': False, 'joined_at': '2026-02-05T18:54:02.788000+00:00', 'flags': 0, 'deaf': False, 'communication_disabled_until': None, 'banner': None, 'avatar': None}, 'id': '1492224498764877875', 'flags': 0, 'embeds': [], 'edited_timestamp': None, 'content': '!start', 'components': [], 'channel_type': 0, 'channel_id': '1488608897856966797', 'author': {'username': 'sloth9279', 'public_flags': 0, 'primary_guild': None, 'id': '267385418134061067', 'global_name': 'sloth', 'display_name_styles': None, 'discriminator': '0', 'collectibles': None, 'clan': None, 'avatar_decoration_data': None, 'avatar': '29f3c3758b9b30e2507929792c77d964'}, 'attachments': [], 'guild_id': '1469043411280728187'}}
[2026-04-10 14:07:24] [DEBUG   ] discord.client: Dispatching event socket_event_type
[2026-04-10 14:07:24] [DEBUG   ] discord.client: Dispatching event message
[2026-04-10 14:07:24] [DEBUG   ] discord.client: Dispatching event command
[2026-04-10 14:07:25] [DEBUG   ] discord.gateway: For Shard ID None: WebSocket Event: {'t': 'MESSAGE_CREATE', 's': 4, 'op': 0, 'd': {'type': 0, 'tts': False, 'timestamp': '2026-04-10T18:07:25.451000+00:00', 'pinned': False, 'nonce': '2610695915139422315', 'mentions': [], 'mention_roles': [], 'mention_everyone': False, 'member': {'roles': ['1488608729153933383'], 'premium_since': None, 'pending': False, 'nick': None, 'mute': False, 'joined_at': '2026-03-31T18:39:38.168000+00:00', 'flags': 0, 'deaf': False, 'communication_disabled_until': None, 'banner': None, 'avatar': None}, 'id': '1492224501931311186', 'flags': 0, 'embeds': [{'type': 'rich', 'title': "Who's That Pokémon?", 'image': {'width': 475, 'url': 'https://raw.githubusercontent.com/PokeAPI/sprites/master/sprites/pokemon/other/official-artwork/123.png', 'proxy_url': 'https://images-ext-1.discordapp.net/external/YBsMuHdOo36yG4vaLd0Hq5-EO8XGLaU_PZD_hwli2c0/https/raw.githubusercontent.com/PokeAPI/sprites/master/sprites/pokemon/other/official-artwork/123.png', 'placeholder_version': 1, 'placeholder': 'qNiBBQAkwwuYdqWGhlwWALtqBmmFZ6KbZw==', 'height': 475, 'flags': 0, 'content_type': 'image/png'}, 'id': '1492224502413918331', 'description': 'Guess the Pokémon!'}], 'edited_timestamp': None, 'content': '', 'components': [], 'channel_type': 0, 'channel_id': '1488608897856966797', 'author': {'username': 'pokemon-trivia-bot', 'public_flags': 0, 'primary_guild': None, 'id': '1488605709032493137', 'global_name': None, 'display_name_styles': None, 'discriminator': '1787', 'collectibles': None, 'clan': None, 'bot': True, 'avatar_decoration_data': None, 'avatar': '3da7b2cc3b692b5ac9cae611d4b2a86b'}, 'attachments': [], 'guild_id': '1469043411280728187'}}
[2026-04-10 14:07:25] [DEBUG   ] discord.client: Dispatching event socket_event_type
[2026-04-10 14:07:25] [DEBUG   ] discord.client: Dispatching event message
[2026-04-10 14:07:25] [DEBUG   ] discord.http: POST https://discord.com/api/v10/channels/1488608897856966797/messages with {"embeds":[{"image":{"url":"https://raw.githubusercontent.com/PokeAPI/sprites/master/sprites/pokemon/other/official-artwork/123.png"},"flags":0,"type":"rich","description":"Guess the Pok\u00e9mon!","title":"Who's That Pok\u00e9mon?"}],"content":null,"components":[],"nonce":"2610695915139422315","enforce_nonce":true,"tts":false} has returned 200
[2026-04-10 14:07:25] [DEBUG   ] discord.http: POST /channels/{channel_id}/messages has found its initial rate limit bucket hash (62df3a8bf3cb0dd93018dd80d06039f6).
[2026-04-10 14:07:25] [DEBUG   ] discord.http: POST https://discord.com/api/v10/channels/1488608897856966797/messages has received {'type': 0, 'content': '', 'mentions': [], 'mention_roles': [], 'attachments': [], 'embeds': [{'type': 'rich', 'title': "Who's That Pokémon?", 'description': 'Guess the Pokémon!', 'image': {'url': 'https://raw.githubusercontent.com/PokeAPI/sprites/master/sprites/pokemon/other/official-artwork/123.png', 'proxy_url': 'https://images-ext-1.discordapp.net/external/YBsMuHdOo36yG4vaLd0Hq5-EO8XGLaU_PZD_hwli2c0/https/raw.githubusercontent.com/PokeAPI/sprites/master/sprites/pokemon/other/official-artwork/123.png', 'width': 475, 'height': 475, 'content_type': 'image/png', 'placeholder': 'qNiBBQAkwwuYdqWGhlwWALtqBmmFZ6KbZw==', 'placeholder_version': 1, 'flags': 0}}], 'timestamp': '2026-04-10T18:07:25.451000+00:00', 'edited_timestamp': None, 'flags': 0, 'components': [], 'id': '1492224501931311186', 'channel_id': '1488608897856966797', 'author': {'id': '1488605709032493137', 'username': 'pokemon-trivia-bot', 'avatar': '3da7b2cc3b692b5ac9cae611d4b2a86b', 'discriminator': '1787', 'public_flags': 0, 'flags': 0, 'bot': True, 'banner': None, 'accent_color': None, 'global_name': None, 'avatar_decoration_data': None, 'collectibles': None, 'display_name_styles': None, 'banner_color': None, 'clan': None, 'primary_guild': None}, 'pinned': False, 'mention_everyone': False, 'tts': False, 'nonce': '2610695915139422315'}
[2026-04-10 14:07:26] [DEBUG   ] discord.gateway: For Shard ID None: WebSocket Event: {'t': 'MESSAGE_CREATE', 's': 5, 'op': 0, 'd': {'type': 0, 'tts': False, 'timestamp': '2026-04-10T18:07:26.085000+00:00', 'pinned': False, 'nonce': '17659935100442803587', 'mentions': [{'username': 'sloth9279', 'public_flags': 0, 'primary_guild': None, 'member': {'roles': [], 'premium_since': None, 'pending': False, 'nick': 'Ethan', 'mute': False, 'joined_at': '2026-02-05T18:54:02.788000+00:00', 'flags': 0, 'deaf': False, 'communication_disabled_until': None, 'banner': None, 'avatar': None}, 'id': '267385418134061067', 'global_name': 'sloth', 'display_name_styles': None, 'discriminator': '0', 'collectibles': None, 'clan': None, 'avatar_decoration_data': None, 'avatar': '29f3c3758b9b30e2507929792c77d964'}], 'mention_roles': [], 'mention_everyone': False, 'member': {'roles': ['1488608729153933383'], 'premium_since': None, 'pending': False, 'nick': None, 'mute': False, 'joined_at': '2026-03-31T18:39:38.168000+00:00', 'flags': 0, 'deaf': False, 'communication_disabled_until': None, 'banner': None, 'avatar': None}, 'id': '1492224504590766164', 'flags': 0, 'embeds': [], 'edited_timestamp': None, 'content': '<@267385418134061067>, your trivia game has started! Use `!guess <name>` to answer or `!end` to stop your game.', 'components': [], 'channel_type': 0, 'channel_id': '1488608897856966797', 'author': {'username': 'pokemon-trivia-bot', 'public_flags': 0, 'primary_guild': None, 'id': '1488605709032493137', 'global_name': None, 'display_name_styles': None, 'discriminator': '1787', 'collectibles': None, 'clan': None, 'bot': True, 'avatar_decoration_data': None, 'avatar': '3da7b2cc3b692b5ac9cae611d4b2a86b'}, 'attachments': [], 'guild_id': '1469043411280728187'}}
[2026-04-10 14:07:26] [DEBUG   ] discord.client: Dispatching event socket_event_type
[2026-04-10 14:07:26] [DEBUG   ] discord.client: Dispatching event message
[2026-04-10 14:07:26] [DEBUG   ] discord.http: POST https://discord.com/api/v10/channels/1488608897856966797/messages with {"content":"<@267385418134061067>, your trivia game has started! Use `!guess <name>` to answer or `!end` to stop your game.","components":[],"nonce":"17659935100442803587","enforce_nonce":true,"tts":false} has returned 200
[2026-04-10 14:07:26] [DEBUG   ] discord.http: POST https://discord.com/api/v10/channels/1488608897856966797/messages has received {'type': 0, 'content': '<@267385418134061067>, your trivia game has started! Use `!guess <name>` to answer or `!end` to stop your game.', 'mentions': [{'id': '267385418134061067', 'username': 'sloth9279', 'avatar': '29f3c3758b9b30e2507929792c77d964', 'discriminator': '0', 'public_flags': 0, 'flags': 0, 'banner': None, 'accent_color': 0, 'global_name': 'sloth', 'avatar_decoration_data': None, 'collectibles': None, 'display_name_styles': None, 'banner_color': '#000000', 'clan': None, 'primary_guild': None}], 'mention_roles': [], 'attachments': [], 'embeds': [], 'timestamp': '2026-04-10T18:07:26.085000+00:00', 'edited_timestamp': None, 'flags': 0, 'components': [], 'id': '1492224504590766164', 'channel_id': '1488608897856966797', 'author': {'id': '1488605709032493137', 'username': 'pokemon-trivia-bot', 'avatar': '3da7b2cc3b692b5ac9cae611d4b2a86b', 'discriminator': '1787', 'public_flags': 0, 'flags': 0, 'bot': True, 'banner': None, 'accent_color': None, 'global_name': None, 'avatar_decoration_data': None, 'collectibles': None, 'display_name_styles': None, 'banner_color': None, 'clan': None, 'primary_guild': None}, 'pinned': False, 'mention_everyone': False, 'tts': False, 'nonce': '17659935100442803587'}
[2026-04-10 14:07:26] [DEBUG   ] discord.client: Dispatching event command_completion
[2026-04-10 14:07:43] [DEBUG   ] discord.gateway: Keeping shard ID None websocket alive with sequence 5.
[2026-04-10 14:07:43] [DEBUG   ] discord.gateway: For Shard ID None: WebSocket Event: {'t': None, 's': None, 'op': 11, 'd': None}
[2026-04-10 14:07:44] [DEBUG   ] discord.gateway: For Shard ID None: WebSocket Event: {'t': 'TYPING_START', 's': 6, 'op': 0, 'd': {'user_id': '267385418134061067', 'timestamp': 1775844464, 'member': {'user': {'username': 'sloth9279', 'public_flags': 0, 'primary_guild': None, 'id': '267385418134061067', 'global_name': 'sloth', 'display_name_styles': None, 'display_name': 'sloth', 'discriminator': '0', 'collectibles': None, 'bot': False, 'avatar_decoration_data': None, 'avatar': '29f3c3758b9b30e2507929792c77d964'}, 'roles': [], 'premium_since': None, 'pending': False, 'nick': 'Ethan', 'mute': False, 'joined_at': '2026-02-05T18:54:02.788000+00:00', 'flags': 0, 'deaf': False, 'communication_disabled_until': None, 'banner': None, 'avatar': None}, 'channel_id': '1488608897856966797', 'guild_id': '1469043411280728187'}}
[2026-04-10 14:07:44] [DEBUG   ] discord.client: Dispatching event socket_event_type
[2026-04-10 14:07:44] [DEBUG   ] discord.client: Dispatching event typing
[2026-04-10 14:07:44] [DEBUG   ] discord.client: Dispatching event raw_typing
[2026-04-10 14:07:46] [DEBUG   ] discord.gateway: For Shard ID None: WebSocket Event: {'t': 'MESSAGE_CREATE', 's': 7, 'op': 0, 'd': {'type': 0, 'tts': False, 'timestamp': '2026-04-10T18:07:46.176000+00:00', 'pinned': False, 'nonce': '1492224588287836160', 'mentions': [], 'mention_roles': [], 'mention_everyone': False, 'member': {'roles': [], 'premium_since': None, 'pending': False, 'nick': 'Ethan', 'mute': False, 'joined_at': '2026-02-05T18:54:02.788000+00:00', 'flags': 0, 'deaf': False, 'communication_disabled_until': None, 'banner': None, 'avatar': None}, 'id': '1492224588858392838', 'flags': 0, 'embeds': [], 'edited_timestamp': None, 'content': '!guess  idk', 'components': [], 'channel_type': 0, 'channel_id': '1488608897856966797', 'author': {'username': 'sloth9279', 'public_flags': 0, 'primary_guild': None, 'id': '267385418134061067', 'global_name': 'sloth', 'display_name_styles': None, 'discriminator': '0', 'collectibles': None, 'clan': None, 'avatar_decoration_data': None, 'avatar': '29f3c3758b9b30e2507929792c77d964'}, 'attachments': [], 'guild_id': '1469043411280728187'}}
[2026-04-10 14:07:46] [DEBUG   ] discord.client: Dispatching event socket_event_type
[2026-04-10 14:07:46] [DEBUG   ] discord.client: Dispatching event message
[2026-04-10 14:07:46] [DEBUG   ] discord.client: Dispatching event command
[2026-04-10 14:07:46] [DEBUG   ] discord.gateway: For Shard ID None: WebSocket Event: {'t': 'MESSAGE_CREATE', 's': 8, 'op': 0, 'd': {'type': 0, 'tts': False, 'timestamp': '2026-04-10T18:07:46.373000+00:00', 'pinned': False, 'nonce': '6054339488730166532', 'mentions': [{'username': 'sloth9279', 'public_flags': 0, 'primary_guild': None, 'member': {'roles': [], 'premium_since': None, 'pending': False, 'nick': 'Ethan', 'mute': False, 'joined_at': '2026-02-05T18:54:02.788000+00:00', 'flags': 0, 'deaf': False, 'communication_disabled_until': None, 'banner': None, 'avatar': None}, 'id': '267385418134061067', 'global_name': 'sloth', 'display_name_styles': None, 'discriminator': '0', 'collectibles': None, 'clan': None, 'avatar_decoration_data': None, 'avatar': '29f3c3758b9b30e2507929792c77d964'}], 'mention_roles': [], 'mention_everyone': False, 'member': {'roles': ['1488608729153933383'], 'premium_since': None, 'pending': False, 'nick': None, 'mute': False, 'joined_at': '2026-03-31T18:39:38.168000+00:00', 'flags': 0, 'deaf': False, 'communication_disabled_until': None, 'banner': None, 'avatar': None}, 'id': '1492224589684801547', 'flags': 0, 'embeds': [], 'edited_timestamp': None, 'content': '❌ Incorrect, <@267385418134061067>! Try again. **(Guesses: 1)**', 'components': [], 'channel_type': 0, 'channel_id': '1488608897856966797', 'author': {'username': 'pokemon-trivia-bot', 'public_flags': 0, 'primary_guild': None, 'id': '1488605709032493137', 'global_name': None, 'display_name_styles': None, 'discriminator': '1787', 'collectibles': None, 'clan': None, 'bot': True, 'avatar_decoration_data': None, 'avatar': '3da7b2cc3b692b5ac9cae611d4b2a86b'}, 'attachments': [], 'guild_id': '1469043411280728187'}}
[2026-04-10 14:07:46] [DEBUG   ] discord.client: Dispatching event socket_event_type
[2026-04-10 14:07:46] [DEBUG   ] discord.client: Dispatching event message
[2026-04-10 14:07:46] [DEBUG   ] discord.http: POST https://discord.com/api/v10/channels/1488608897856966797/messages with {"content":"\u274c Incorrect, <@267385418134061067>! Try again. **(Guesses: 1)**","components":[],"nonce":"6054339488730166532","enforce_nonce":true,"tts":false} has returned 200
[2026-04-10 14:07:46] [DEBUG   ] discord.http: POST https://discord.com/api/v10/channels/1488608897856966797/messages has received {'type': 0, 'content': '❌ Incorrect, <@267385418134061067>! Try again. **(Guesses: 1)**', 'mentions': [{'id': '267385418134061067', 'username': 'sloth9279', 'avatar': '29f3c3758b9b30e2507929792c77d964', 'discriminator': '0', 'public_flags': 0, 'flags': 0, 'banner': None, 'accent_color': 0, 'global_name': 'sloth', 'avatar_decoration_data': None, 'collectibles': None, 'display_name_styles': None, 'banner_color': '#000000', 'clan': None, 'primary_guild': None}], 'mention_roles': [], 'attachments': [], 'embeds': [], 'timestamp': '2026-04-10T18:07:46.373000+00:00', 'edited_timestamp': None, 'flags': 0, 'components': [], 'id': '1492224589684801547', 'channel_id': '1488608897856966797', 'author': {'id': '1488605709032493137', 'username': 'pokemon-trivia-bot', 'avatar': '3da7b2cc3b692b5ac9cae611d4b2a86b', 'discriminator': '1787', 'public_flags': 0, 'flags': 0, 'bot': True, 'banner': None, 'accent_color': None, 'global_name': None, 'avatar_decoration_data': None, 'collectibles': None, 'display_name_styles': None, 'banner_color': None, 'clan': None, 'primary_guild': None}, 'pinned': False, 'mention_everyone': False, 'tts': False, 'nonce': '6054339488730166532'}
[2026-04-10 14:07:46] [DEBUG   ] discord.client: Dispatching event command_completion
[2026-04-10 14:07:51] [DEBUG   ] discord.gateway: For Shard ID None: WebSocket Event: {'t': 'MESSAGE_CREATE', 's': 9, 'op': 0, 'd': {'type': 0, 'tts': False, 'timestamp': '2026-04-10T18:07:51.534000+00:00', 'pinned': False, 'nonce': '1492224611012575232', 'mentions': [], 'mention_roles': [], 'mention_everyone': False, 'member': {'roles': [], 'premium_since': None, 'pending': False, 'nick': 'Ethan', 'mute': False, 'joined_at': '2026-02-05T18:54:02.788000+00:00', 'flags': 0, 'deaf': False, 'communication_disabled_until': None, 'banner': None, 'avatar': None}, 'id': '1492224611331473499', 'flags': 0, 'embeds': [], 'edited_timestamp': None, 'content': '!end', 'components': [], 'channel_type': 0, 'channel_id': '1488608897856966797', 'author': {'username': 'sloth9279', 'public_flags': 0, 'primary_guild': None, 'id': '267385418134061067', 'global_name': 'sloth', 'display_name_styles': None, 'discriminator': '0', 'collectibles': None, 'clan': None, 'avatar_decoration_data': None, 'avatar': '29f3c3758b9b30e2507929792c77d964'}, 'attachments': [], 'guild_id': '1469043411280728187'}}
[2026-04-10 14:07:51] [DEBUG   ] discord.client: Dispatching event socket_event_type
[2026-04-10 14:07:51] [DEBUG   ] discord.client: Dispatching event message
[2026-04-10 14:07:51] [DEBUG   ] discord.client: Dispatching event command
[2026-04-10 14:07:51] [DEBUG   ] discord.gateway: For Shard ID None: WebSocket Event: {'t': 'MESSAGE_CREATE', 's': 10, 'op': 0, 'd': {'type': 0, 'tts': False, 'timestamp': '2026-04-10T18:07:51.792000+00:00', 'pinned': False, 'nonce': '7192349444201151449', 'mentions': [{'username': 'sloth9279', 'public_flags': 0, 'primary_guild': None, 'member': {'roles': [], 'premium_since': None, 'pending': False, 'nick': 'Ethan', 'mute': False, 'joined_at': '2026-02-05T18:54:02.788000+00:00', 'flags': 0, 'deaf': False, 'communication_disabled_until': None, 'banner': None, 'avatar': None}, 'id': '267385418134061067', 'global_name': 'sloth', 'display_name_styles': None, 'discriminator': '0', 'collectibles': None, 'clan': None, 'avatar_decoration_data': None, 'avatar': '29f3c3758b9b30e2507929792c77d964'}], 'mention_roles': [], 'mention_everyone': False, 'member': {'roles': ['1488608729153933383'], 'premium_since': None, 'pending': False, 'nick': None, 'mute': False, 'joined_at': '2026-03-31T18:39:38.168000+00:00', 'flags': 0, 'deaf': False, 'communication_disabled_until': None, 'banner': None, 'avatar': None}, 'id': '1492224612413604011', 'flags': 0, 'embeds': [], 'edited_timestamp': None, 'content': '<@267385418134061067>, your game ended. The Pokémon was **Scyther**.', 'components': [], 'channel_type': 0, 'channel_id': '1488608897856966797', 'author': {'username': 'pokemon-trivia-bot', 'public_flags': 0, 'primary_guild': None, 'id': '1488605709032493137', 'global_name': None, 'display_name_styles': None, 'discriminator': '1787', 'collectibles': None, 'clan': None, 'bot': True, 'avatar_decoration_data': None, 'avatar': '3da7b2cc3b692b5ac9cae611d4b2a86b'}, 'attachments': [], 'guild_id': '1469043411280728187'}}
[2026-04-10 14:07:51] [DEBUG   ] discord.client: Dispatching event socket_event_type
[2026-04-10 14:07:51] [DEBUG   ] discord.client: Dispatching event message
[2026-04-10 14:07:51] [DEBUG   ] discord.http: POST https://discord.com/api/v10/channels/1488608897856966797/messages with {"content":"<@267385418134061067>, your game ended. The Pok\u00e9mon was **Scyther**.","components":[],"nonce":"7192349444201151449","enforce_nonce":true,"tts":false} has returned 200
[2026-04-10 14:07:51] [DEBUG   ] discord.http: POST https://discord.com/api/v10/channels/1488608897856966797/messages has received {'type': 0, 'content': '<@267385418134061067>, your game ended. The Pokémon was **Scyther**.', 'mentions': [{'id': '267385418134061067', 'username': 'sloth9279', 'avatar': '29f3c3758b9b30e2507929792c77d964', 'discriminator': '0', 'public_flags': 0, 'flags': 0, 'banner': None, 'accent_color': 0, 'global_name': 'sloth', 'avatar_decoration_data': None, 'collectibles': None, 'display_name_styles': None, 'banner_color': '#000000', 'clan': None, 'primary_guild': None}], 'mention_roles': [], 'attachments': [], 'embeds': [], 'timestamp': '2026-04-10T18:07:51.792000+00:00', 'edited_timestamp': None, 'flags': 0, 'components': [], 'id': '1492224612413604011', 'channel_id': '1488608897856966797', 'author': {'id': '1488605709032493137', 'username': 'pokemon-trivia-bot', 'avatar': '3da7b2cc3b692b5ac9cae611d4b2a86b', 'discriminator': '1787', 'public_flags': 0, 'flags': 0, 'bot': True, 'banner': None, 'accent_color': None, 'global_name': None, 'avatar_decoration_data': None, 'collectibles': None, 'display_name_styles': None, 'banner_color': None, 'clan': None, 'primary_guild': None}, 'pinned': False, 'mention_everyone': False, 'tts': False, 'nonce': '7192349444201151449'}
[2026-04-10 14:07:51] [DEBUG   ] discord.client: Dispatching event command_completion
[2026-04-10 14:08:24] [DEBUG   ] discord.gateway: Keeping shard ID None websocket alive with sequence 10.
[2026-04-10 14:08:24] [DEBUG   ] discord.gateway: For Shard ID None: WebSocket Event: {'t': None, 's': None, 'op': 11, 'd': None}
[2026-04-10 14:09:06] [DEBUG   ] discord.gateway: Keeping shard ID None websocket alive with sequence 10.
[2026-04-10 14:09:06] [DEBUG   ] discord.gateway: For Shard ID None: WebSocket Event: {'t': None, 's': None, 'op': 11, 'd': None}
[2026-04-10 14:09:47] [DEBUG   ] discord.gateway: Keeping shard ID None websocket alive with sequence 10.
[2026-04-10 14:09:47] [DEBUG   ] discord.gateway: For Shard ID None: WebSocket Event: {'t': None, 's': None, 'op': 11, 'd': None}
[2026-04-10 14:10:28] [DEBUG   ] discord.gateway: Keeping shard ID None websocket alive with sequence 10.
[2026-04-10 14:10:28] [DEBUG   ] discord.gateway: For Shard ID None: WebSocket Event: {'t': None, 's': None, 'op': 11, 'd': None}
[2026-04-10 14:11:09] [DEBUG   ] discord.gateway: Keeping shard ID None websocket alive with sequence 10.
[2026-04-10 14:11:09] [DEBUG   ] discord.gateway: For Shard ID None: WebSocket Event: {'t': None, 's': None, 'op': 11, 'd': None}
[2026-04-10 14:11:51] [DEBUG   ] discord.gateway: Keeping shard ID None websocket alive with sequence 10.
[2026-04-10 14:11:51] [DEBUG   ] discord.gateway: For Shard ID None: WebSocket Event: {'t': None, 's': None, 'op': 11, 'd': None}
[2026-04-10 14:12:32] [DEBUG   ] discord.gateway: Keeping shard ID None websocket alive with sequence 10.
[2026-04-10 14:12:32] [DEBUG   ] discord.gateway: For Shard ID None: WebSocket Event: {'t': None, 's': None, 'op': 11, 'd': None}
[2026-04-10 14:13:13] [DEBUG   ] discord.gateway: Keeping shard ID None websocket alive with sequence 10.
[2026-04-10 14:13:13] [DEBUG   ] discord.gateway: For Shard ID None: WebSocket Event: {'t': None, 's': None, 'op': 11, 'd': None}
[2026-04-10 14:13:54] [DEBUG   ] discord.gateway: Keeping shard ID None websocket alive with sequence 10.
[2026-04-10 14:13:55] [DEBUG   ] discord.gateway: For Shard ID None: WebSocket Event: {'t': None, 's': None, 'op': 11, 'd': None}
[2026-04-10 14:14:36] [DEBUG   ] discord.gateway: Keeping shard ID None websocket alive with sequence 10.
[2026-04-10 14:14:36] [DEBUG   ] discord.gateway: For Shard ID None: WebSocket Event: {'t': None, 's': None, 'op': 11, 'd': None}
[2026-04-10 14:15:17] [DEBUG   ] discord.gateway: Keeping shard ID None websocket alive with sequence 10.
[2026-04-10 14:15:17] [DEBUG   ] discord.gateway: For Shard ID None: WebSocket Event: {'t': None, 's': None, 'op': 11, 'd': None}
[2026-04-10 14:15:58] [DEBUG   ] discord.gateway: Keeping shard ID None websocket alive with sequence 10.
[2026-04-10 14:15:58] [DEBUG   ] discord.gateway: For Shard ID None: WebSocket Event: {'t': None, 's': None, 'op': 11, 'd': None}
[2026-04-10 14:16:40] [DEBUG   ] discord.gateway: Keeping shard ID None websocket alive with sequence 10.
[2026-04-10 14:16:40] [DEBUG   ] discord.gateway: For Shard ID None: WebSocket Event: {'t': None, 's': None, 'op': 11, 'd': None}
[2026-04-10 14:17:21] [DEBUG   ] discord.gateway: Keeping shard ID None websocket alive with sequence 10.
[2026-04-10 14:17:21] [DEBUG   ] discord.gateway: For Shard ID None: WebSocket Event: {'t': None, 's': None, 'op': 11, 'd': None}
[2026-04-10 14:18:02] [DEBUG   ] discord.gateway: Keeping shard ID None websocket alive with sequence 10.
[2026-04-10 14:18:02] [DEBUG   ] discord.gateway: For Shard ID None: WebSocket Event: {'t': None, 's': None, 'op': 11, 'd': None}
[2026-04-10 14:18:43] [DEBUG   ] discord.gateway: Keeping shard ID None websocket alive with sequence 10.
[2026-04-10 14:18:43] [DEBUG   ] discord.gateway: For Shard ID None: WebSocket Event: {'t': None, 's': None, 'op': 11, 'd': None}
[2026-04-10 14:19:25] [DEBUG   ] discord.gateway: Keeping shard ID None websocket alive with sequence 10.
[2026-04-10 14:19:25] [DEBUG   ] discord.gateway: For Shard ID None: WebSocket Event: {'t': None, 's': None, 'op': 11, 'd': None}
[2026-04-10 14:20:06] [DEBUG   ] discord.gateway: Keeping shard ID None websocket alive with sequence 10.
[2026-04-10 14:20:06] [DEBUG   ] discord.gateway: For Shard ID None: WebSocket Event: {'t': None, 's': None, 'op': 11, 'd': None}
[2026-04-10 14:20:47] [DEBUG   ] discord.gateway: Keeping shard ID None websocket alive with sequence 10.
[2026-04-10 14:20:47] [DEBUG   ] discord.gateway: For Shard ID None: WebSocket Event: {'t': None, 's': None, 'op': 11, 'd': None}
[2026-04-10 14:21:28] [DEBUG   ] discord.gateway: Keeping shard ID None websocket alive with sequence 10.
[2026-04-10 14:21:28] [DEBUG   ] discord.gateway: For Shard ID None: WebSocket Event: {'t': None, 's': None, 'op': 11, 'd': None}
[2026-04-10 14:22:10] [DEBUG   ] discord.gateway: Keeping shard ID None websocket alive with sequence 10.
[2026-04-10 14:22:10] [DEBUG   ] discord.gateway: For Shard ID None: WebSocket Event: {'t': None, 's': None, 'op': 11, 'd': None}
[2026-04-10 14:22:51] [DEBUG   ] discord.gateway: Keeping shard ID None websocket alive with sequence 10.
[2026-04-10 14:22:51] [DEBUG   ] discord.gateway: For Shard ID None: WebSocket Event: {'t': None, 's': None, 'op': 11, 'd': None}
[2026-04-10 14:23:32] [DEBUG   ] discord.gateway: Keeping shard ID None websocket alive with sequence 10.
[2026-04-10 14:23:32] [DEBUG   ] discord.gateway: For Shard ID None: WebSocket Event: {'t': None, 's': None, 'op': 11, 'd': None}
[2026-04-10 14:24:13] [DEBUG   ] discord.gateway: Keeping shard ID None websocket alive with sequence 10.
[2026-04-10 14:24:13] [DEBUG   ] discord.gateway: For Shard ID None: WebSocket Event: {'t': None, 's': None, 'op': 11, 'd': None}
[2026-04-10 14:24:55] [DEBUG   ] discord.gateway: Keeping shard ID None websocket alive with sequence 10.
[2026-04-10 14:24:55] [DEBUG   ] discord.gateway: For Shard ID None: WebSocket Event: {'t': None, 's': None, 'op': 11, 'd': None}
[2026-04-10 14:25:36] [DEBUG   ] discord.gateway: Keeping shard ID None websocket alive with sequence 10.
[2026-04-10 14:25:36] [DEBUG   ] discord.gateway: For Shard ID None: WebSocket Event: {'t': None, 's': None, 'op': 11, 'd': None}
[2026-04-10 14:26:17] [DEBUG   ] discord.gateway: Keeping shard ID None websocket alive with sequence 10.
[2026-04-10 14:26:17] [DEBUG   ] discord.gateway: For Shard ID None: WebSocket Event: {'t': None, 's': None, 'op': 11, 'd': None}
[2026-04-10 14:26:58] [DEBUG   ] discord.gateway: Keeping shard ID None websocket alive with sequence 10.
[2026-04-10 14:26:58] [DEBUG   ] discord.gateway: For Shard ID None: WebSocket Event: {'t': None, 's': None, 'op': 11, 'd': None}
[2026-04-10 14:36:22] [DEBUG   ] discord.gateway: Keeping shard ID None websocket alive with sequence 10.
[2026-04-10 15:00:45] [DEBUG   ] discord.gateway: Received WSMessage(type=<WSMsgType.CLOSED: 257>, data=None, extra=None)
[2026-04-10 15:00:45] [DEBUG   ] discord.gateway: Websocket closed with 1006, attempting a reconnect.
[2026-04-10 15:00:45] [DEBUG   ] discord.client: Got a request to RESUME the websocket.
[2026-04-10 15:00:45] [DEBUG   ] discord.client: Dispatching event disconnect
[2026-04-10 15:00:45] [DEBUG   ] discord.client: Dispatching event disconnect
[2026-04-10 15:00:45] [ERROR   ] discord.client: Attempting a reconnect in 1.53s
Traceback (most recent call last):
  File "/Users/ethanguillaume/Desktop/trivia-discord-bot/.venv/lib/python3.12/site-packages/aiohttp/connector.py", line 1574, in _create_direct_connection
    hosts = await self._resolve_host(host, port, traces=traces)
            ^^^^^^^^^^^^^^^^^^^^^^^^^^^^^^^^^^^^^^^^^^^^^^^^^^^
  File "/Users/ethanguillaume/Desktop/trivia-discord-bot/.venv/lib/python3.12/site-packages/aiohttp/connector.py", line 1190, in _resolve_host
    return await asyncio.shield(resolved_host_task)
           ^^^^^^^^^^^^^^^^^^^^^^^^^^^^^^^^^^^^^^^^
  File "/Users/ethanguillaume/Desktop/trivia-discord-bot/.venv/lib/python3.12/site-packages/aiohttp/connector.py", line 1221, in _resolve_host_with_throttle
    addrs = await self._resolver.resolve(host, port, family=self._family)
            ^^^^^^^^^^^^^^^^^^^^^^^^^^^^^^^^^^^^^^^^^^^^^^^^^^^^^^^^^^^^^
  File "/Users/ethanguillaume/Desktop/trivia-discord-bot/.venv/lib/python3.12/site-packages/aiohttp/resolver.py", line 40, in resolve
    infos = await self._loop.getaddrinfo(
            ^^^^^^^^^^^^^^^^^^^^^^^^^^^^^
  File "/Library/Frameworks/Python.framework/Versions/3.12/lib/python3.12/asyncio/base_events.py", line 901, in getaddrinfo
    return await self.run_in_executor(
           ^^^^^^^^^^^^^^^^^^^^^^^^^^^
  File "/Library/Frameworks/Python.framework/Versions/3.12/lib/python3.12/concurrent/futures/thread.py", line 58, in run
    result = self.fn(*self.args, **self.kwargs)
             ^^^^^^^^^^^^^^^^^^^^^^^^^^^^^^^^^^
  File "/Library/Frameworks/Python.framework/Versions/3.12/lib/python3.12/socket.py", line 963, in getaddrinfo
    for res in _socket.getaddrinfo(host, port, family, type, proto, flags):
               ^^^^^^^^^^^^^^^^^^^^^^^^^^^^^^^^^^^^^^^^^^^^^^^^^^^^^^^^^^^
socket.gaierror: [Errno 8] nodename nor servname provided, or not known

The above exception was the direct cause of the following exception:

Traceback (most recent call last):
  File "/Users/ethanguillaume/Desktop/trivia-discord-bot/.venv/lib/python3.12/site-packages/discord/client.py", line 728, in connect
    self.ws = await asyncio.wait_for(coro, timeout=60.0)
              ^^^^^^^^^^^^^^^^^^^^^^^^^^^^^^^^^^^^^^^^^^
  File "/Library/Frameworks/Python.framework/Versions/3.12/lib/python3.12/asyncio/tasks.py", line 520, in wait_for
    return await fut
           ^^^^^^^^^
  File "/Users/ethanguillaume/Desktop/trivia-discord-bot/.venv/lib/python3.12/site-packages/discord/gateway.py", line 392, in from_client
    socket = await client.http.ws_connect(str(url))
             ^^^^^^^^^^^^^^^^^^^^^^^^^^^^^^^^^^^^^^
  File "/Users/ethanguillaume/Desktop/trivia-discord-bot/.venv/lib/python3.12/site-packages/discord/http.py", line 571, in ws_connect
    return await self.__session.ws_connect(url, **kwargs)
           ^^^^^^^^^^^^^^^^^^^^^^^^^^^^^^^^^^^^^^^^^^^^^^
  File "/Users/ethanguillaume/Desktop/trivia-discord-bot/.venv/lib/python3.12/site-packages/aiohttp/client.py", line 1087, in _ws_connect
    resp = await self.request(
           ^^^^^^^^^^^^^^^^^^^
  File "/Users/ethanguillaume/Desktop/trivia-discord-bot/.venv/lib/python3.12/site-packages/aiohttp/client.py", line 788, in _request
    resp = await handler(req)
           ^^^^^^^^^^^^^^^^^^
  File "/Users/ethanguillaume/Desktop/trivia-discord-bot/.venv/lib/python3.12/site-packages/aiohttp/client.py", line 742, in _connect_and_send_request
    conn = await self._connector.connect(
           ^^^^^^^^^^^^^^^^^^^^^^^^^^^^^^
  File "/Users/ethanguillaume/Desktop/trivia-discord-bot/.venv/lib/python3.12/site-packages/aiohttp/connector.py", line 672, in connect
    proto = await self._create_connection(req, traces, timeout)
            ^^^^^^^^^^^^^^^^^^^^^^^^^^^^^^^^^^^^^^^^^^^^^^^^^^^
  File "/Users/ethanguillaume/Desktop/trivia-discord-bot/.venv/lib/python3.12/site-packages/aiohttp/connector.py", line 1251, in _create_connection
    _, proto = await self._create_direct_connection(req, traces, timeout)
               ^^^^^^^^^^^^^^^^^^^^^^^^^^^^^^^^^^^^^^^^^^^^^^^^^^^^^^^^^^
  File "/Users/ethanguillaume/Desktop/trivia-discord-bot/.venv/lib/python3.12/site-packages/aiohttp/connector.py", line 1580, in _create_direct_connection
    raise ClientConnectorDNSError(req.connection_key, exc) from exc
aiohttp.client_exceptions.ClientConnectorDNSError: Cannot connect to host gateway-us-east1-d.discord.gg:443 ssl:default [nodename nor servname provided, or not known]
[2026-04-10 15:00:47] [DEBUG   ] discord.client: Dispatching event disconnect
[2026-04-10 15:00:47] [ERROR   ] discord.client: Attempting a reconnect in 1.83s
Traceback (most recent call last):
  File "/Users/ethanguillaume/Desktop/trivia-discord-bot/.venv/lib/python3.12/site-packages/aiohttp/connector.py", line 1574, in _create_direct_connection
    hosts = await self._resolve_host(host, port, traces=traces)
            ^^^^^^^^^^^^^^^^^^^^^^^^^^^^^^^^^^^^^^^^^^^^^^^^^^^
  File "/Users/ethanguillaume/Desktop/trivia-discord-bot/.venv/lib/python3.12/site-packages/aiohttp/connector.py", line 1190, in _resolve_host
    return await asyncio.shield(resolved_host_task)
           ^^^^^^^^^^^^^^^^^^^^^^^^^^^^^^^^^^^^^^^^
  File "/Users/ethanguillaume/Desktop/trivia-discord-bot/.venv/lib/python3.12/site-packages/aiohttp/connector.py", line 1221, in _resolve_host_with_throttle
    addrs = await self._resolver.resolve(host, port, family=self._family)
            ^^^^^^^^^^^^^^^^^^^^^^^^^^^^^^^^^^^^^^^^^^^^^^^^^^^^^^^^^^^^^
  File "/Users/ethanguillaume/Desktop/trivia-discord-bot/.venv/lib/python3.12/site-packages/aiohttp/resolver.py", line 40, in resolve
    infos = await self._loop.getaddrinfo(
            ^^^^^^^^^^^^^^^^^^^^^^^^^^^^^
  File "/Library/Frameworks/Python.framework/Versions/3.12/lib/python3.12/asyncio/base_events.py", line 901, in getaddrinfo
    return await self.run_in_executor(
           ^^^^^^^^^^^^^^^^^^^^^^^^^^^
  File "/Library/Frameworks/Python.framework/Versions/3.12/lib/python3.12/concurrent/futures/thread.py", line 58, in run
    result = self.fn(*self.args, **self.kwargs)
             ^^^^^^^^^^^^^^^^^^^^^^^^^^^^^^^^^^
  File "/Library/Frameworks/Python.framework/Versions/3.12/lib/python3.12/socket.py", line 963, in getaddrinfo
    for res in _socket.getaddrinfo(host, port, family, type, proto, flags):
               ^^^^^^^^^^^^^^^^^^^^^^^^^^^^^^^^^^^^^^^^^^^^^^^^^^^^^^^^^^^
socket.gaierror: [Errno 8] nodename nor servname provided, or not known

The above exception was the direct cause of the following exception:

Traceback (most recent call last):
  File "/Users/ethanguillaume/Desktop/trivia-discord-bot/.venv/lib/python3.12/site-packages/discord/client.py", line 728, in connect
    self.ws = await asyncio.wait_for(coro, timeout=60.0)
              ^^^^^^^^^^^^^^^^^^^^^^^^^^^^^^^^^^^^^^^^^^
  File "/Library/Frameworks/Python.framework/Versions/3.12/lib/python3.12/asyncio/tasks.py", line 520, in wait_for
    return await fut
           ^^^^^^^^^
  File "/Users/ethanguillaume/Desktop/trivia-discord-bot/.venv/lib/python3.12/site-packages/discord/gateway.py", line 392, in from_client
    socket = await client.http.ws_connect(str(url))
             ^^^^^^^^^^^^^^^^^^^^^^^^^^^^^^^^^^^^^^
  File "/Users/ethanguillaume/Desktop/trivia-discord-bot/.venv/lib/python3.12/site-packages/discord/http.py", line 571, in ws_connect
    return await self.__session.ws_connect(url, **kwargs)
           ^^^^^^^^^^^^^^^^^^^^^^^^^^^^^^^^^^^^^^^^^^^^^^
  File "/Users/ethanguillaume/Desktop/trivia-discord-bot/.venv/lib/python3.12/site-packages/aiohttp/client.py", line 1087, in _ws_connect
    resp = await self.request(
           ^^^^^^^^^^^^^^^^^^^
  File "/Users/ethanguillaume/Desktop/trivia-discord-bot/.venv/lib/python3.12/site-packages/aiohttp/client.py", line 788, in _request
    resp = await handler(req)
           ^^^^^^^^^^^^^^^^^^
  File "/Users/ethanguillaume/Desktop/trivia-discord-bot/.venv/lib/python3.12/site-packages/aiohttp/client.py", line 742, in _connect_and_send_request
    conn = await self._connector.connect(
           ^^^^^^^^^^^^^^^^^^^^^^^^^^^^^^
  File "/Users/ethanguillaume/Desktop/trivia-discord-bot/.venv/lib/python3.12/site-packages/aiohttp/connector.py", line 672, in connect
    proto = await self._create_connection(req, traces, timeout)
            ^^^^^^^^^^^^^^^^^^^^^^^^^^^^^^^^^^^^^^^^^^^^^^^^^^^
  File "/Users/ethanguillaume/Desktop/trivia-discord-bot/.venv/lib/python3.12/site-packages/aiohttp/connector.py", line 1251, in _create_connection
    _, proto = await self._create_direct_connection(req, traces, timeout)
               ^^^^^^^^^^^^^^^^^^^^^^^^^^^^^^^^^^^^^^^^^^^^^^^^^^^^^^^^^^
  File "/Users/ethanguillaume/Desktop/trivia-discord-bot/.venv/lib/python3.12/site-packages/aiohttp/connector.py", line 1580, in _create_direct_connection
    raise ClientConnectorDNSError(req.connection_key, exc) from exc
aiohttp.client_exceptions.ClientConnectorDNSError: Cannot connect to host gateway-us-east1-d.discord.gg:443 ssl:default [nodename nor servname provided, or not known]
[2026-04-10 15:00:49] [DEBUG   ] discord.gateway: Created websocket connected to wss://gateway-us-east1-d.discord.gg
[2026-04-10 15:00:49] [DEBUG   ] discord.gateway: For Shard ID None: WebSocket Event: {'t': None, 's': None, 'op': 10, 'd': {'heartbeat_interval': 41250, '_trace': ['["gateway-prd-arm-us-east1-d-t6mq",{"micros":0.0}]']}}
[2026-04-10 15:00:49] [DEBUG   ] discord.gateway: Shard ID None has sent the RESUME payload.
[2026-04-10 15:00:49] [DEBUG   ] discord.gateway: For Shard ID None: WebSocket Event: {'t': None, 's': None, 'op': 11, 'd': None}
[2026-04-10 15:00:49] [DEBUG   ] discord.gateway: For Shard ID None: WebSocket Event: {'t': None, 's': None, 'op': 9, 'd': False}
[2026-04-10 15:00:49] [INFO    ] discord.gateway: Shard ID None session has been invalidated.
[2026-04-10 15:00:49] [DEBUG   ] discord.client: Got a request to IDENTIFY the websocket.
[2026-04-10 15:00:49] [DEBUG   ] discord.client: Dispatching event disconnect
[2026-04-10 15:00:49] [DEBUG   ] discord.gateway: Created websocket connected to wss://gateway-us-east1-d.discord.gg
[2026-04-10 15:00:49] [DEBUG   ] discord.gateway: For Shard ID None: WebSocket Event: {'t': None, 's': None, 'op': 10, 'd': {'heartbeat_interval': 41250, '_trace': ['["gateway-prd-arm-us-east1-d-hm8x",{"micros":0.0}]']}}
[2026-04-10 15:00:54] [DEBUG   ] discord.gateway: Shard ID None has sent the IDENTIFY payload.
[2026-04-10 15:00:54] [DEBUG   ] discord.gateway: For Shard ID None: WebSocket Event: {'t': None, 's': None, 'op': 11, 'd': None}
[2026-04-10 15:00:54] [DEBUG   ] discord.gateway: For Shard ID None: WebSocket Event: {'t': 'READY', 's': 1, 'op': 0, 'd': {'v': 10, 'user_settings': {}, 'user': {'verified': True, 'username': 'pokemon-trivia-bot', 'primary_guild': None, 'mfa_enabled': True, 'id': '1488605709032493137', 'global_name': None, 'flags': 0, 'email': None, 'discriminator': '1787', 'clan': None, 'bot': True, 'avatar': '3da7b2cc3b692b5ac9cae611d4b2a86b'}, 'session_type': 'normal', 'session_id': '7f3ab2c8bd24e4cf3fc1cfd8b7f7ea52', 'resume_gateway_url': 'wss://gateway-us-east1-d.discord.gg', 'relationships': [], 'private_channels': [], 'presences': [], 'guilds': [{'unavailable': True, 'id': '1469043411280728187'}], 'guild_join_requests': [], 'geo_ordered_rtc_regions': ['newark', 'us-east', 'us-central', 'atlanta', 'us-south'], 'game_relationships': [], 'auth': {}, 'application': {'id': '1488605709032493137', 'flags_new': '524288', 'flags': 524288}, '_trace': ['["gateway-prd-arm-us-east1-d-hm8x",{"micros":206568,"calls":["id_created",{"micros":914,"calls":[]},"session_lookup_time",{"micros":282,"calls":[]},"session_lookup_finished",{"micros":17,"calls":[]},"sessions-prd-gcp-us-east1-d-92",{"micros":204892,"calls":["start_session",{"micros":154802,"calls":["prd-rpc-796b9bd4df-zz5cl",{"micros":36581,"calls":["get_user",{"micros":9757},"get_guilds",{"micros":8248},"send_scheduled_deletion_message",{"micros":25},"guild_join_requests",{"micros":3},"authorized_ip_coro",{"micros":21},"pending_payments",{"micros":1533},"apex_experiments",{"micros":96254},"sessions_experiments",{"micros":7},"played_application_ids",{"micros":5},"linked_users",{"micros":4},"ad_personalization_toggles_disabled",{"micros":4},"regional_feature_config",{"micros":3}]}]},"starting_guild_connect",{"micros":36,"calls":[]},"presence_started",{"micros":382,"calls":[]},"guilds_started",{"micros":147,"calls":[]},"lobbies_started",{"micros":1,"calls":[]},"guilds_connect",{"micros":1,"calls":[]},"presence_connect",{"micros":49468,"calls":[]},"connect_finished",{"micros":49504,"calls":[]},"build_ready",{"micros":15,"calls":[]},"clean_ready",{"micros":2,"calls":[]},"optimize_ready",{"micros":0,"calls":[]},"split_ready",{"micros":1,"calls":[]}]}]}]']}}
[2026-04-10 15:00:54] [DEBUG   ] discord.client: Dispatching event socket_event_type
[2026-04-10 15:00:54] [INFO    ] discord.gateway: Shard ID None has connected to Gateway (Session ID: 7f3ab2c8bd24e4cf3fc1cfd8b7f7ea52).
[2026-04-10 15:00:54] [DEBUG   ] discord.client: Dispatching event connect
[2026-04-10 15:00:54] [DEBUG   ] discord.gateway: For Shard ID None: WebSocket Event: {'t': 'GUILD_CREATE', 's': 2, 'op': 0, 'd': {'explicit_content_filter': 0, 'afk_channel_id': None, 'max_members': 25000000, 'max_stage_video_channel_users': 50, 'guild_scheduled_events': [], 'incidents_data': None, 'owner_id': '267385418134061067', 'profile': None, 'mfa_level': 0, 'voice_states': [], 'system_channel_flags': 0, 'afk_timeout': 300, 'latest_onboarding_question_id': None, 'member_count': 6, 'soundboard_sounds': [], 'public_updates_channel_id': None, 'id': '1469043411280728187', 'preferred_locale': 'en-US', 'nsfw_level': 0, 'channels': [{'version': 1770317642966, 'type': 4, 'position': 0, 'permission_overwrites': [], 'name': 'Text Channels', 'id': '1469043412136362045', 'flags': 0}, {'version': 1770317642975, 'type': 4, 'position': 0, 'permission_overwrites': [], 'name': 'Voice Channels', 'id': '1469043412136362046', 'flags': 0}, {'version': 1770317642989, 'type': 0, 'topic': None, 'rate_limit_per_user': 0, 'position': 0, 'permission_overwrites': [], 'parent_id': '1469043412136362045', 'name': 'general', 'last_message_id': '1492217161480143088', 'id': '1469043412136362047', 'icon_emoji': {'name': '👋', 'id': None}, 'flags': 0}, {'version': 1770317642999, 'user_limit': 0, 'type': 2, 'rtc_region': None, 'rate_limit_per_user': 0, 'position': 0, 'permission_overwrites': [], 'parent_id': '1469043412136362046', 'name': 'General', 'last_message_id': None, 'id': '1469043412136362048', 'icon_emoji': {'name': '🎙', 'id': None}, 'flags': 0, 'bitrate': 64000}, {'version': 1774982418267, 'type': 0, 'topic': None, 'rate_limit_per_user': 0, 'position': 1, 'permission_overwrites': [], 'parent_id': '1469043412136362045', 'name': 'pokemon-trivia', 'last_message_id': '1492224612413604011', 'id': '1488608897856966797', 'flags': 0}], 'rules_channel_id': None, 'name': 'CS321 Group', 'lazy': True, 'inventory_settings': None, 'threads': [], 'game_application_ids': None, 'moderator_reporting': None, 'home_header': None, 'description': None, 'vanity_url_code': None, 'splash': None, 'premium_subscription_count': 0, 'discovery_splash': None, 'system_channel_id': '1469043412136362047', 'presences': [], 'nsfw': False, 'stickers': [], 'premium_tier': 0, 'premium_progress_bar_enabled_user_updated_at': None, 'embedded_activities': [], 'banner': None, 'hub_type': None, 'members': [{'user': {'username': 'pokemon-trivia-bot', 'public_flags': 0, 'primary_guild': None, 'id': '1488605709032493137', 'global_name': None, 'display_name_styles': None, 'display_name': None, 'discriminator': '1787', 'collectibles': None, 'bot': True, 'avatar_decoration_data': None, 'avatar': '3da7b2cc3b692b5ac9cae611d4b2a86b'}, 'roles': ['1488608729153933383'], 'premium_since': None, 'pending': False, 'nick': None, 'mute': False, 'joined_at': '2026-03-31T18:39:38.168000+00:00', 'flags': 0, 'deaf': False, 'communication_disabled_until': None, 'banner': None, 'avatar': None}], 'joined_at': '2026-03-31T18:39:38.168000+00:00', 'icon': None, 'activity_instances': [], 'application_id': None, 'roles': [{'version': 1770317642955, 'unicode_emoji': None, 'tags': {}, 'position': 0, 'permissions': '2248473465835073', 'name': '@everyone', 'mentionable': False, 'managed': False, 'id': '1469043411280728187', 'icon': None, 'hoist': False, 'flags': 0, 'colors': {'tertiary_color': None, 'secondary_color': None, 'primary_color': 0}, 'color': 0}, {'version': 1774982378098, 'unicode_emoji': None, 'tags': {'bot_id': '1488605709032493137'}, 'position': 1, 'permissions': '292058163264', 'name': 'pokemon-trivia-bot', 'mentionable': False, 'managed': True, 'id': '1488608729153933383', 'icon': None, 'hoist': False, 'flags': 0, 'colors': {'tertiary_color': None, 'secondary_color': None, 'primary_color': 0}, 'color': 0}], 'features': [], 'premium_progress_bar_enabled': False, 'premium_features': None, 'application_command_counts': {}, 'region': 'deprecated', 'large': False, 'unavailable': False, 'verification_level': 0, 'default_message_notifications': 0, 'emojis': [], 'version': 1774982407097, 'experiments': {'evaluation_id': None, 'assignments': []}, 'owner_configured_content_level': 0, 'max_video_channel_users': 25, 'stage_instances': [], 'safety_alerts_channel_id': None}}
[2026-04-10 15:00:54] [DEBUG   ] discord.client: Dispatching event socket_event_type
[2026-04-10 15:00:54] [DEBUG   ] discord.client: Dispatching event guild_available
[2026-04-10 15:00:56] [DEBUG   ] discord.client: Dispatching event ready
[2026-04-10 15:16:20] [DEBUG   ] discord.gateway: Keeping shard ID None websocket alive with sequence 2.
[2026-04-10 15:16:33] [DEBUG   ] discord.gateway: Received WSMessage(type=<WSMsgType.CLOSED: 257>, data=None, extra=None)
[2026-04-10 15:16:33] [DEBUG   ] discord.gateway: Websocket closed with 1006, attempting a reconnect.
[2026-04-10 15:16:33] [DEBUG   ] discord.client: Got a request to RESUME the websocket.
[2026-04-10 15:16:33] [DEBUG   ] discord.client: Dispatching event disconnect
[2026-04-10 15:16:33] [DEBUG   ] discord.gateway: Created websocket connected to wss://gateway-us-east1-d.discord.gg
[2026-04-10 15:16:33] [DEBUG   ] discord.gateway: For Shard ID None: WebSocket Event: {'t': None, 's': None, 'op': 10, 'd': {'heartbeat_interval': 41250, '_trace': ['["gateway-prd-arm-us-east1-d-51lm",{"micros":0.0}]']}}
[2026-04-10 15:16:33] [DEBUG   ] discord.gateway: Shard ID None has sent the RESUME payload.
[2026-04-10 15:16:33] [DEBUG   ] discord.gateway: For Shard ID None: WebSocket Event: {'t': None, 's': None, 'op': 11, 'd': None}
[2026-04-10 15:16:33] [DEBUG   ] discord.gateway: For Shard ID None: WebSocket Event: {'t': None, 's': None, 'op': 9, 'd': False}
[2026-04-10 15:16:33] [INFO    ] discord.gateway: Shard ID None session has been invalidated.
[2026-04-10 15:16:33] [DEBUG   ] discord.client: Got a request to IDENTIFY the websocket.
[2026-04-10 15:16:33] [DEBUG   ] discord.client: Dispatching event disconnect
[2026-04-10 15:16:33] [DEBUG   ] discord.gateway: Created websocket connected to wss://gateway-us-east1-d.discord.gg
[2026-04-10 15:16:33] [DEBUG   ] discord.gateway: For Shard ID None: WebSocket Event: {'t': None, 's': None, 'op': 10, 'd': {'heartbeat_interval': 41250, '_trace': ['["gateway-prd-arm-us-east1-d-h1gb",{"micros":0.0}]']}}
[2026-04-10 15:16:38] [DEBUG   ] discord.gateway: Shard ID None has sent the IDENTIFY payload.
[2026-04-10 15:16:38] [DEBUG   ] discord.gateway: For Shard ID None: WebSocket Event: {'t': None, 's': None, 'op': 11, 'd': None}
[2026-04-10 15:16:39] [DEBUG   ] discord.gateway: For Shard ID None: WebSocket Event: {'t': 'READY', 's': 1, 'op': 0, 'd': {'v': 10, 'user_settings': {}, 'user': {'verified': True, 'username': 'pokemon-trivia-bot', 'primary_guild': None, 'mfa_enabled': True, 'id': '1488605709032493137', 'global_name': None, 'flags': 0, 'email': None, 'discriminator': '1787', 'clan': None, 'bot': True, 'avatar': '3da7b2cc3b692b5ac9cae611d4b2a86b'}, 'session_type': 'normal', 'session_id': '8b33df69efe67956a036481b8d165313', 'resume_gateway_url': 'wss://gateway-us-east1-d.discord.gg', 'relationships': [], 'private_channels': [], 'presences': [], 'guilds': [{'unavailable': True, 'id': '1469043411280728187'}], 'guild_join_requests': [], 'geo_ordered_rtc_regions': ['newark', 'us-east', 'us-central', 'atlanta', 'us-south'], 'game_relationships': [], 'auth': {}, 'application': {'id': '1488605709032493137', 'flags_new': '524288', 'flags': 524288}, '_trace': ['["gateway-prd-arm-us-east1-d-h1gb",{"micros":367852,"calls":["id_created",{"micros":1015,"calls":[]},"session_lookup_time",{"micros":505,"calls":[]},"session_lookup_finished",{"micros":10,"calls":[]},"sessions-prd-gcp-us-east1-d-100",{"micros":365833,"calls":["start_session",{"micros":322905,"calls":["prd-rpc-796b9bd4df-pfmwz",{"micros":208664,"calls":["get_user",{"micros":170815},"get_guilds",{"micros":6091},"send_scheduled_deletion_message",{"micros":15},"guild_join_requests",{"micros":829},"authorized_ip_coro",{"micros":14},"pending_payments",{"micros":1458},"apex_experiments",{"micros":104770},"sessions_experiments",{"micros":7},"played_application_ids",{"micros":5},"linked_users",{"micros":3},"ad_personalization_toggles_disabled",{"micros":3},"regional_feature_config",{"micros":3}]}]},"starting_guild_connect",{"micros":106,"calls":[]},"presence_started",{"micros":515,"calls":[]},"guilds_started",{"micros":72,"calls":[]},"lobbies_started",{"micros":1,"calls":[]},"guilds_connect",{"micros":1,"calls":[]},"presence_connect",{"micros":42198,"calls":[]},"connect_finished",{"micros":42213,"calls":[]},"build_ready",{"micros":16,"calls":[]},"clean_ready",{"micros":3,"calls":[]},"optimize_ready",{"micros":0,"calls":[]},"split_ready",{"micros":0,"calls":[]}]}]}]']}}
[2026-04-10 15:16:39] [DEBUG   ] discord.client: Dispatching event socket_event_type
[2026-04-10 15:16:39] [INFO    ] discord.gateway: Shard ID None has connected to Gateway (Session ID: 8b33df69efe67956a036481b8d165313).
[2026-04-10 15:16:39] [DEBUG   ] discord.client: Dispatching event connect
[2026-04-10 15:16:39] [DEBUG   ] discord.gateway: For Shard ID None: WebSocket Event: {'t': 'GUILD_CREATE', 's': 2, 'op': 0, 'd': {'activity_instances': [], 'system_channel_id': '1469043412136362047', 'max_stage_video_channel_users': 50, 'joined_at': '2026-03-31T18:39:38.168000+00:00', 'rules_channel_id': None, 'features': [], 'max_video_channel_users': 25, 'embedded_activities': [], 'profile': None, 'home_header': None, 'unavailable': False, 'experiments': {'evaluation_id': None, 'assignments': []}, 'voice_states': [], 'stage_instances': [], 'incidents_data': None, 'public_updates_channel_id': None, 'presences': [], 'stickers': [], 'discovery_splash': None, 'hub_type': None, 'nsfw_level': 0, 'members': [{'user': {'username': 'pokemon-trivia-bot', 'public_flags': 0, 'primary_guild': None, 'id': '1488605709032493137', 'global_name': None, 'display_name_styles': None, 'display_name': None, 'discriminator': '1787', 'collectibles': None, 'bot': True, 'avatar_decoration_data': None, 'avatar': '3da7b2cc3b692b5ac9cae611d4b2a86b'}, 'roles': ['1488608729153933383'], 'premium_since': None, 'pending': False, 'nick': None, 'mute': False, 'joined_at': '2026-03-31T18:39:38.168000+00:00', 'flags': 0, 'deaf': False, 'communication_disabled_until': None, 'banner': None, 'avatar': None}], 'id': '1469043411280728187', 'owner_id': '267385418134061067', 'name': 'CS321 Group', 'soundboard_sounds': [], 'latest_onboarding_question_id': None, 'vanity_url_code': None, 'explicit_content_filter': 0, 'owner_configured_content_level': 0, 'threads': [], 'verification_level': 0, 'premium_progress_bar_enabled': False, 'description': None, 'afk_timeout': 300, 'roles': [{'version': 1770317642955, 'unicode_emoji': None, 'tags': {}, 'position': 0, 'permissions': '2248473465835073', 'name': '@everyone', 'mentionable': False, 'managed': False, 'id': '1469043411280728187', 'icon': None, 'hoist': False, 'flags': 0, 'colors': {'tertiary_color': None, 'secondary_color': None, 'primary_color': 0}, 'color': 0}, {'version': 1774982378098, 'unicode_emoji': None, 'tags': {'bot_id': '1488605709032493137'}, 'position': 1, 'permissions': '292058163264', 'name': 'pokemon-trivia-bot', 'mentionable': False, 'managed': True, 'id': '1488608729153933383', 'icon': None, 'hoist': False, 'flags': 0, 'colors': {'tertiary_color': None, 'secondary_color': None, 'primary_color': 0}, 'color': 0}], 'large': False, 'member_count': 6, 'premium_features': None, 'premium_progress_bar_enabled_user_updated_at': None, 'guild_scheduled_events': [], 'preferred_locale': 'en-US', 'safety_alerts_channel_id': None, 'premium_tier': 0, 'afk_channel_id': None, 'default_message_notifications': 0, 'inventory_settings': None, 'premium_subscription_count': 0, 'banner': None, 'moderator_reporting': None, 'region': 'deprecated', 'lazy': True, 'channels': [{'version': 1770317642966, 'type': 4, 'position': 0, 'permission_overwrites': [], 'name': 'Text Channels', 'id': '1469043412136362045', 'flags': 0}, {'version': 1770317642975, 'type': 4, 'position': 0, 'permission_overwrites': [], 'name': 'Voice Channels', 'id': '1469043412136362046', 'flags': 0}, {'version': 1770317642989, 'type': 0, 'topic': None, 'rate_limit_per_user': 0, 'position': 0, 'permission_overwrites': [], 'parent_id': '1469043412136362045', 'name': 'general', 'last_message_id': '1492217161480143088', 'id': '1469043412136362047', 'icon_emoji': {'name': '👋', 'id': None}, 'flags': 0}, {'version': 1770317642999, 'user_limit': 0, 'type': 2, 'rtc_region': None, 'rate_limit_per_user': 0, 'position': 0, 'permission_overwrites': [], 'parent_id': '1469043412136362046', 'name': 'General', 'last_message_id': None, 'id': '1469043412136362048', 'icon_emoji': {'name': '🎙', 'id': None}, 'flags': 0, 'bitrate': 64000}, {'version': 1774982418267, 'type': 0, 'topic': None, 'rate_limit_per_user': 0, 'position': 1, 'permission_overwrites': [], 'parent_id': '1469043412136362045', 'name': 'pokemon-trivia', 'last_message_id': '1492224612413604011', 'id': '1488608897856966797', 'flags': 0}], 'application_id': None, 'system_channel_flags': 0, 'application_command_counts': {}, 'game_application_ids': None, 'version': 1774982407097, 'splash': None, 'mfa_level': 0, 'icon': None, 'emojis': [], 'nsfw': False, 'max_members': 25000000}}
[2026-04-10 15:16:39] [DEBUG   ] discord.client: Dispatching event socket_event_type
[2026-04-10 15:16:39] [DEBUG   ] discord.client: Dispatching event guild_available
[2026-04-10 15:16:41] [DEBUG   ] discord.client: Dispatching event ready
